Build started 12/17/2022 10:08:11 PM.
     1>Project "C:\Users\ThangVu\Documents\pmhoang\luu chuong trinh\tap_luyen_map_set\tap_luyen_map_set\tap_luyen_map_set.vcxproj" on node 2 (Build target(s)).
     1>ClCompile:
         C:\Program Files (x86)\Microsoft Visual Studio 14.0\VC\bin\CL.exe /c /ZI /nologo /W3 /WX- /sdl /Od /Oy- /D _MBCS /Gm /EHsc /RTC1 /MDd /GS /fp:precise /Zc:wchar_t /Zc:forScope /Zc:inline /Fo"Debug\\" /Fd"Debug\vc140.pdb" /Gd /TP /analyze- /errorReport:prompt main.cpp myClass.cpp myHeadercpp.cpp
         myClass.cpp
     1>c:\users\thangvu\documents\pmhoang\luu chuong trinh\tap_luyen_map_set\tap_luyen_map_set\myclass.cpp(11): error C2065: 'cout': undeclared identifier
         main.cpp
         Generating Code...
         Compiling...
         myHeadercpp.cpp
         Generating Code...
     1>Done Building Project "C:\Users\ThangVu\Documents\pmhoang\luu chuong trinh\tap_luyen_map_set\tap_luyen_map_set\tap_luyen_map_set.vcxproj" (Build target(s)) -- FAILED.

Build FAILED.

Time Elapsed 00:00:01.34
